<?xml version="1.0" encoding="UTF-8"?>
<!-- Generated by org.testng.reporters.JUnitReportReporter -->
<testsuite skipped="0" hostname="ThinkPad-T430" name="com.training.test.CreateNewViewTest" tests="1" failures="0" timestamp="21 May 2018 08:25:19 GMT" time="9.697" errors="0">
  <testcase name="CreateAccount" time="9.697" classname="com.training.test.CreateNewViewTest"/>
</testsuite> <!-- com.training.test.CreateNewViewTest -->
