<?xml version="1.0" encoding="UTF-8"?>
<!-- Generated by org.testng.reporters.JUnitReportReporter -->
<testsuite skipped="0" hostname="JMAHADEV-IN" name="com.training.test.VerifyLoginFailure" tests="1" failures="0" timestamp="16 May 2018 17:36:00 GMT" time="0.461" errors="0">
  <testcase name="VerifyLoginSucess" time="0.461" classname="com.training.test.VerifyLoginFailure"/>
</testsuite> <!-- com.training.test.VerifyLoginFailure -->
