<?xml version="1.0" encoding="UTF-8"?>
<!-- Generated by org.testng.reporters.JUnitReportReporter -->
<testsuite skipped="0" hostname="JMAHADEV-IN" name="com.training.test.SignInTest1" tests="1" failures="0" timestamp="15 May 2018 15:53:54 GMT" time="0.270" errors="0">
  <testcase name="verifyEnterUserNamePassword1" time="0.270" classname="com.training.test.SignInTest1"/>
</testsuite> <!-- com.training.test.SignInTest1 -->
