<?xml version="1.0" encoding="UTF-8"?>
<!-- Generated by org.testng.reporters.JUnitReportReporter -->
<testsuite skipped="0" hostname="ThinkPad-T430" name="com.training.test.CreateAccountTest" tests="1" failures="0" timestamp="21 May 2018 06:22:32 GMT" time="11.271" errors="0">
  <testcase name="CreateAccount" time="11.271" classname="com.training.test.CreateAccountTest"/>
</testsuite> <!-- com.training.test.CreateAccountTest -->
