<?xml version="1.0" encoding="UTF-8"?>
<!-- Generated by org.testng.reporters.JUnitReportReporter -->
<testsuite skipped="0" hostname="ThinkPad-T430" name="com.training.test.VerifyLoginSuccessTest" tests="1" failures="0" timestamp="18 May 2018 16:05:05 GMT" time="2.897" errors="0">
  <testcase name="VerifyLoginSucess" time="2.897" classname="com.training.test.VerifyLoginSuccessTest"/>
</testsuite> <!-- com.training.test.VerifyLoginSuccessTest -->
